生成启动时间为 2016/9/14 16:10:58。
     1>项目“F:\PhysX\UsePhysXWithUnity\2.RunPhysicsOnWindows_ProtoV3\ServerCooperationMode\ServerCooperationMode.vcxproj”在节点 2 上(Build 个目标)。
     1>Link:
         ServerCooperationMode.vcxproj -> F:\PhysX\UsePhysXWithUnity\2.RunPhysicsOnWindows_ProtoV3\x64\Debug\ServerCooperationMode.exe
       PostBuildEvent:
         copy  ..\bin\*.* F:\PhysX\UsePhysXWithUnity\2.RunPhysicsOnWindows_ProtoV3\x64\Debug\
         :VCEnd
         ..\bin\freeglut.dll
         ..\bin\glut32.dll
         ..\bin\nvToolsExt64_1.dll
         ..\bin\PhysX3CharacterKinematicDEBUG_x64.dll
         ..\bin\PhysX3CharacterKinematic_x64.dll
         ..\bin\PhysX3CommonDEBUG_x64.dll
         ..\bin\PhysX3Common_x64.dll
         ..\bin\PhysX3CookingDEBUG_x64.dll
         ..\bin\PhysX3Cooking_x64.dll
         ..\bin\PhysX3DEBUG_x64.dll
         ..\bin\PhysX3GpuCHECKED_x64.dll
         ..\bin\PhysX3GpuDEBUG_x64.dll
         ..\bin\PhysX3GpuPROFILE_x64.dll
         ..\bin\PhysX3Gpu_x64.dll
         ..\bin\PhysX3_x64.dll
         ..\bin\PhysXDevice64.dll
         已复制        16 个文件。
     1>已完成生成项目“F:\PhysX\UsePhysXWithUnity\2.RunPhysicsOnWindows_ProtoV3\ServerCooperationMode\ServerCooperationMode.vcxproj”(Build 个目标)的操作。

生成成功。

已用时间 00:00:00.16
