f:\usephysxwithunity-master\2.runphysicsonwindows\servercooperationmode\x64\debug\vc120.pdb
f:\usephysxwithunity-master\2.runphysicsonwindows\servercooperationmode\x64\debug\vc120.idb
f:\usephysxwithunity-master\2.runphysicsonwindows\servercooperationmode\x64\debug\scene.pb.obj
f:\usephysxwithunity-master\2.runphysicsonwindows\servercooperationmode\x64\debug\main.obj
f:\usephysxwithunity-master\2.runphysicsonwindows\servercooperationmode\x64\debug\physics_scene_camera.obj
f:\usephysxwithunity-master\2.runphysicsonwindows\servercooperationmode\x64\debug\physics_scene_manager.obj
f:\usephysxwithunity-master\2.runphysicsonwindows\servercooperationmode\x64\debug\physics_scene_render.obj
f:\usephysxwithunity-master\2.runphysicsonwindows\servercooperationmode\x64\debug\server_cooperation_render.obj
f:\usephysxwithunity-master\2.runphysicsonwindows\x64\debug\servercooperationmode.pdb
f:\usephysxwithunity-master\2.runphysicsonwindows\servercooperationmode\x64\debug\serverco.16e77eb4.tlog\cl.command.1.tlog
f:\usephysxwithunity-master\2.runphysicsonwindows\servercooperationmode\x64\debug\serverco.16e77eb4.tlog\cl.read.1.tlog
f:\usephysxwithunity-master\2.runphysicsonwindows\servercooperationmode\x64\debug\serverco.16e77eb4.tlog\cl.write.1.tlog
f:\usephysxwithunity-master\2.runphysicsonwindows\servercooperationmode\x64\debug\serverco.16e77eb4.tlog\link.24140-cvtres.read.1.tlog
f:\usephysxwithunity-master\2.runphysicsonwindows\servercooperationmode\x64\debug\serverco.16e77eb4.tlog\link.24140-cvtres.write.1.tlog
f:\usephysxwithunity-master\2.runphysicsonwindows\servercooperationmode\x64\debug\serverco.16e77eb4.tlog\link.24140-rc.read.1.tlog
f:\usephysxwithunity-master\2.runphysicsonwindows\servercooperationmode\x64\debug\serverco.16e77eb4.tlog\link.24140-rc.write.1.tlog
f:\usephysxwithunity-master\2.runphysicsonwindows\servercooperationmode\x64\debug\serverco.16e77eb4.tlog\link.24140.read.1.tlog
f:\usephysxwithunity-master\2.runphysicsonwindows\servercooperationmode\x64\debug\serverco.16e77eb4.tlog\link.24140.write.1.tlog
f:\usephysxwithunity-master\2.runphysicsonwindows\servercooperationmode\x64\debug\serverco.16e77eb4.tlog\link.command.1.tlog
f:\usephysxwithunity-master\2.runphysicsonwindows\servercooperationmode\x64\debug\serverco.16e77eb4.tlog\link.read.1.tlog
f:\usephysxwithunity-master\2.runphysicsonwindows\servercooperationmode\x64\debug\serverco.16e77eb4.tlog\link.write.1.tlog
